  capture_screen.cpp
  dda_impl.cpp
  control_mouse.cpp
C:\Users\hende\OneDrive\Desktop\Color bot Source for arduino\waloranti\waloranti\control_mouse\control_mouse.cpp(94): error C2220: the following warning is treated as an error
C:\Users\hende\OneDrive\Desktop\Color bot Source for arduino\waloranti\waloranti\control_mouse\control_mouse.cpp(94): warning C4267: 'argument': conversion from 'size_t' to 'DWORD', possible loss of data
  enemy_scanner.cpp
  imgui.cpp
  imgui_demo.cpp
  imgui_draw.cpp
  imgui_impl_dx11.cpp
  imgui_impl_win32.cpp
  imgui_tables.cpp
  imgui_widgets.cpp
  main.cpp
C:\Users\hende\OneDrive\Desktop\Color bot Source for arduino\waloranti\waloranti\render_menu\render_menu.hpp(7,10): fatal  error C1083: Cannot open include file: 'C:\Program Files (x86)\Microsoft DirectX SDK (June 2010)\Include\D3DX11.h': No such file or directory
  myfont.hpp
  render_menu.cpp
C:\Users\hende\OneDrive\Desktop\Color bot Source for arduino\waloranti\waloranti\render_menu\render_menu.hpp(7,10): fatal  error C1083: Cannot open include file: 'C:\Program Files (x86)\Microsoft DirectX SDK (June 2010)\Include\D3DX11.h': No such file or directory
  stopwatch.cpp
  utilities.cpp
C:\Users\hende\OneDrive\Desktop\Color bot Source for arduino\waloranti\waloranti\utilities\utilities.cpp(40,83): error C2220: the following warning is treated as an error
C:\Users\hende\OneDrive\Desktop\Color bot Source for arduino\waloranti\waloranti\utilities\utilities.cpp(40,83): warning C4267: 'argument': conversion from 'size_t' to 'int', possible loss of data
  Generating Code...
