  Microsoft (R) C/C++ Optimizing Compiler Version 19.35.32215 for x64
  Copyright (C) Microsoft Corporation.  All rights reserved.
  cl /c /Zi /W0 /WX- /diagnostics:column /sdl /O2 /Oi /GL /D NDEBUG /D _CONSOLE /D _UNICODE /D UNICODE /Gm- /EHsc /MD /GS /Gy /fp:precise /Zc:wchar_t /Zc:forScope /Zc:inline /std:c++17 /permissive- /Fo"Release\\" /Fd"Release\vc143.pdb" /external:W0 /Gd /TP /FC /errorReport:prompt capture_screen\capture_screen.cpp capture_screen\dda_impl.cpp control_mouse\control_mouse.cpp enemy_scanner\enemy_scanner.cpp imgui\imgui.cpp imgui\imgui_demo.cpp imgui\imgui_draw.cpp imgui\imgui_impl_dx11.cpp imgui\imgui_impl_win32.cpp imgui\imgui_tables.cpp imgui\imgui_widgets.cpp main.cpp myfont.hpp render_menu\render_menu.cpp stopwatch\stopwatch.cpp utilities\utilities.cpp
  capture_screen.cpp
  dda_impl.cpp
  control_mouse.cpp
  enemy_scanner.cpp
  imgui.cpp
  imgui_demo.cpp
  imgui_draw.cpp
  imgui_impl_dx11.cpp
  imgui_impl_win32.cpp
  imgui_tables.cpp
  imgui_widgets.cpp
  main.cpp
C:\Users\hende\OneDrive\Desktop\Color bot Source for arduino\waloranti\waloranti\render_menu\render_menu.hpp(7,10): fatal  error C1083: Cannot open include file: 'C:\Program Files (x86)\Microsoft DirectX SDK (June 2010)\Include\D3DX11.h': No such file or directory
  myfont.hpp
  render_menu.cpp
C:\Users\hende\OneDrive\Desktop\Color bot Source for arduino\waloranti\waloranti\render_menu\render_menu.hpp(7,10): fatal  error C1083: Cannot open include file: 'C:\Program Files (x86)\Microsoft DirectX SDK (June 2010)\Include\D3DX11.h': No such file or directory
  stopwatch.cpp
  utilities.cpp
